<?xml version="1.0" encoding="UTF-8"?><testsuite errors="1" failures="0" name="HU-002 Agregar al carrito" skipped="0" tests="2" time="99.04" timestamp="2021-12-19 08:01:28"><testcase name="Seleccionar el producto a buscar"/><testcase name="Seleccionar la categoria de muebles"><error message="Arity mismatch: Step Definition 'stepsDefinitions.DekosasCarritoStepsDefinitions.selecciono_en_la_pantalla_principal_la_categoria_muebles(String) in file:/C:/Users/krnmt/IdeaProjects/Reto2-Dekosas/out/test/classes/' with pattern [^selecciono en la pantalla principal la categoria muebles$] is declared with 1 parameters. However, the gherkin step has 0 arguments []. &#10;Step text: selecciono en la pantalla principal la categoria muebles" type="cucumber.runtime.CucumberException">Arity mismatch: Step Definition 'stepsDefinitions.DekosasCarritoStepsDefinitions.selecciono_en_la_pantalla_principal_la_categoria_muebles(String) in file:/C:/Users/krnmt/IdeaProjects/Reto2-Dekosas/out/test/classes/' with pattern [^selecciono en la pantalla principal la categoria muebles$] is declared with 1 parameters. However, the gherkin step has 0 arguments []. 
Step text: selecciono en la pantalla principal la categoria muebles</error><system-err>Arity mismatch: Step Definition 'stepsDefinitions.DekosasCarritoStepsDefinitions.selecciono_en_la_pantalla_principal_la_categoria_muebles(String) in file:/C:/Users/krnmt/IdeaProjects/Reto2-Dekosas/out/test/classes/' with pattern [^selecciono en la pantalla principal la categoria muebles$] is declared with 1 parameters. However, the gherkin step has 0 arguments []. 
Step text: selecciono en la pantalla principal la categoria muebles&#13;
cucumber.runner.Runner.runPickle(Runner.java:80)&#13;
</system-err></testcase></testsuite>