<?xml version="1.0" encoding="UTF-8"?><testsuite errors="0" failures="1" name="HU-002 Escenarios Exitosos y fallidos Dekosas" skipped="0" tests="2" time="99.73" timestamp="2021-12-19 09:01:06"><testcase name="Buscar producto disponible"/><testcase name="Buscar producto no disponibles"><failure message="Expected enabled element was not enabled" type="net.thucydides.core.webdriver.exceptions.ElementShouldBeEnabledException">Expected enabled element was not enabled</failure><system-err>Expected enabled element was not enabled&#13;
tasks.DekosasCarrito.performAs(DekosasCarrito.java:21)&#13;
stepsDefinitions.DekosasEscenariosStepsDefinitions.busco_el_nombre_del_producto_que_no_esta_en_la_pagina(DekosasEscenariosStepsDefinitions.java:42)&#13;
cucumber.runner.Runner.runPickle(Runner.java:80)&#13;
</system-err></testcase></testsuite>